<?xml version="1.0" encoding="UTF-8"?>
<testsuite xmlns:xsi="http://www.w3.org/2001/XMLSchema-instance" xsi:noNamespaceSchemaLocation="https://maven.apache.org/surefire/maven-surefire-plugin/xsd/surefire-test-report.xsd" version="3.0.1" name="TestSuite" time="18.439" tests="16" errors="0" skipped="0" failures="0">
  <properties>
    <property name="java.specification.version" value="17"/>
    <property name="sun.cpu.isalist" value="amd64"/>
    <property name="sun.jnu.encoding" value="Cp1252"/>
    <property name="java.class.path" value="C:\Vishakha Patil\RestAssured Project\RestAssuredDemoProject\target\test-classes;C:\Vishakha Patil\RestAssured Project\RestAssuredDemoProject\target\classes;C:\Users\vishakha.patil\.m2\repository\io\rest-assured\rest-assured\5.5.0\rest-assured-5.5.0.jar;C:\Users\vishakha.patil\.m2\repository\org\apache\groovy\groovy\4.0.22\groovy-4.0.22.jar;C:\Users\vishakha.patil\.m2\repository\org\apache\groovy\groovy-xml\4.0.22\groovy-xml-4.0.22.jar;C:\Users\vishakha.patil\.m2\repository\org\apache\httpcomponents\httpclient\4.5.13\httpclient-4.5.13.jar;C:\Users\vishakha.patil\.m2\repository\org\apache\httpcomponents\httpcore\4.4.13\httpcore-4.4.13.jar;C:\Users\vishakha.patil\.m2\repository\commons-logging\commons-logging\1.2\commons-logging-1.2.jar;C:\Users\vishakha.patil\.m2\repository\commons-codec\commons-codec\1.11\commons-codec-1.11.jar;C:\Users\vishakha.patil\.m2\repository\org\apache\httpcomponents\httpmime\4.5.13\httpmime-4.5.13.jar;C:\Users\vishakha.patil\.m2\repository\org\hamcrest\hamcrest\2.2\hamcrest-2.2.jar;C:\Users\vishakha.patil\.m2\repository\org\ccil\cowan\tagsoup\tagsoup\1.2.1\tagsoup-1.2.1.jar;C:\Users\vishakha.patil\.m2\repository\io\rest-assured\json-path\5.5.0\json-path-5.5.0.jar;C:\Users\vishakha.patil\.m2\repository\org\apache\groovy\groovy-json\4.0.22\groovy-json-4.0.22.jar;C:\Users\vishakha.patil\.m2\repository\io\rest-assured\rest-assured-common\5.5.0\rest-assured-common-5.5.0.jar;C:\Users\vishakha.patil\.m2\repository\io\rest-assured\xml-path\5.5.0\xml-path-5.5.0.jar;C:\Users\vishakha.patil\.m2\repository\org\apache\commons\commons-lang3\3.11\commons-lang3-3.11.jar;C:\Users\vishakha.patil\.m2\repository\io\rest-assured\json-schema-validator\5.5.0\json-schema-validator-5.5.0.jar;C:\Users\vishakha.patil\.m2\repository\com\github\java-json-tools\json-schema-validator\2.2.14\json-schema-validator-2.2.14.jar;C:\Users\vishakha.patil\.m2\repository\com\github\java-json-tools\jackson-coreutils-equivalence\1.0\jackson-coreutils-equivalence-1.0.jar;C:\Users\vishakha.patil\.m2\repository\com\github\java-json-tools\jackson-coreutils\2.0\jackson-coreutils-2.0.jar;C:\Users\vishakha.patil\.m2\repository\com\github\java-json-tools\msg-simple\1.2\msg-simple-1.2.jar;C:\Users\vishakha.patil\.m2\repository\com\github\java-json-tools\btf\1.3\btf-1.3.jar;C:\Users\vishakha.patil\.m2\repository\com\github\java-json-tools\json-schema-core\1.2.14\json-schema-core-1.2.14.jar;C:\Users\vishakha.patil\.m2\repository\com\github\java-json-tools\uri-template\0.10\uri-template-0.10.jar;C:\Users\vishakha.patil\.m2\repository\org\mozilla\rhino\1.7.7.2\rhino-1.7.7.2.jar;C:\Users\vishakha.patil\.m2\repository\com\sun\mail\mailapi\1.6.2\mailapi-1.6.2.jar;C:\Users\vishakha.patil\.m2\repository\joda-time\joda-time\2.10.5\joda-time-2.10.5.jar;C:\Users\vishakha.patil\.m2\repository\com\googlecode\libphonenumber\libphonenumber\8.11.1\libphonenumber-8.11.1.jar;C:\Users\vishakha.patil\.m2\repository\com\google\code\findbugs\jsr305\3.0.2\jsr305-3.0.2.jar;C:\Users\vishakha.patil\.m2\repository\net\sf\jopt-simple\jopt-simple\5.0.4\jopt-simple-5.0.4.jar;C:\Users\vishakha.patil\.m2\repository\com\google\guava\guava\33.2.1-jre\guava-33.2.1-jre.jar;C:\Users\vishakha.patil\.m2\repository\com\google\guava\failureaccess\1.0.2\failureaccess-1.0.2.jar;C:\Users\vishakha.patil\.m2\repository\com\google\guava\listenablefuture\9999.0-empty-to-avoid-conflict-with-guava\listenablefuture-9999.0-empty-to-avoid-conflict-with-guava.jar;C:\Users\vishakha.patil\.m2\repository\org\checkerframework\checker-qual\3.42.0\checker-qual-3.42.0.jar;C:\Users\vishakha.patil\.m2\repository\com\google\errorprone\error_prone_annotations\2.26.1\error_prone_annotations-2.26.1.jar;C:\Users\vishakha.patil\.m2\repository\com\google\j2objc\j2objc-annotations\3.0.0\j2objc-annotations-3.0.0.jar;C:\Users\vishakha.patil\.m2\repository\org\testng\testng\7.10.2\testng-7.10.2.jar;C:\Users\vishakha.patil\.m2\repository\org\slf4j\slf4j-api\1.7.36\slf4j-api-1.7.36.jar;C:\Users\vishakha.patil\.m2\repository\com\beust\jcommander\1.82\jcommander-1.82.jar;C:\Users\vishakha.patil\.m2\repository\org\webjars\jquery\3.7.1\jquery-3.7.1.jar;C:\Users\vishakha.patil\.m2\repository\com\fasterxml\jackson\core\jackson-databind\2.18.2\jackson-databind-2.18.2.jar;C:\Users\vishakha.patil\.m2\repository\com\fasterxml\jackson\core\jackson-annotations\2.18.2\jackson-annotations-2.18.2.jar;C:\Users\vishakha.patil\.m2\repository\com\fasterxml\jackson\core\jackson-core\2.18.2\jackson-core-2.18.2.jar;C:\Users\vishakha.patil\.m2\repository\org\json\json\20210307\json-20210307.jar;C:\Users\vishakha.patil\.m2\repository\org\projectlombok\lombok\1.18.36\lombok-1.18.36.jar;"/>
    <property name="java.vm.vendor" value="Oracle Corporation"/>
    <property name="sun.arch.data.model" value="64"/>
    <property name="user.variant" value=""/>
    <property name="java.vendor.url" value="https://java.oracle.com/"/>
    <property name="user.timezone" value="Asia/Calcutta"/>
    <property name="os.name" value="Windows 11"/>
    <property name="java.vm.specification.version" value="17"/>
    <property name="sun.java.launcher" value="SUN_STANDARD"/>
    <property name="user.country" value="US"/>
    <property name="sun.boot.library.path" value="C:\Program Files\Java\jdk-17\bin"/>
    <property name="sun.java.command" value="C:\Users\vishakha.patil\AppData\Local\Temp\surefire7869037442974051282\surefirebooter-20250325124227778_3.jar C:\Users\vishakha.patil\AppData\Local\Temp\surefire7869037442974051282 2025-03-25T12-42-27_608-jvmRun1 surefire-20250325124227778_1tmp surefire_0-20250325124227778_2tmp"/>
    <property name="jdk.debug" value="release"/>
    <property name="surefire.test.class.path" value="C:\Vishakha Patil\RestAssured Project\RestAssuredDemoProject\target\test-classes;C:\Vishakha Patil\RestAssured Project\RestAssuredDemoProject\target\classes;C:\Users\vishakha.patil\.m2\repository\io\rest-assured\rest-assured\5.5.0\rest-assured-5.5.0.jar;C:\Users\vishakha.patil\.m2\repository\org\apache\groovy\groovy\4.0.22\groovy-4.0.22.jar;C:\Users\vishakha.patil\.m2\repository\org\apache\groovy\groovy-xml\4.0.22\groovy-xml-4.0.22.jar;C:\Users\vishakha.patil\.m2\repository\org\apache\httpcomponents\httpclient\4.5.13\httpclient-4.5.13.jar;C:\Users\vishakha.patil\.m2\repository\org\apache\httpcomponents\httpcore\4.4.13\httpcore-4.4.13.jar;C:\Users\vishakha.patil\.m2\repository\commons-logging\commons-logging\1.2\commons-logging-1.2.jar;C:\Users\vishakha.patil\.m2\repository\commons-codec\commons-codec\1.11\commons-codec-1.11.jar;C:\Users\vishakha.patil\.m2\repository\org\apache\httpcomponents\httpmime\4.5.13\httpmime-4.5.13.jar;C:\Users\vishakha.patil\.m2\repository\org\hamcrest\hamcrest\2.2\hamcrest-2.2.jar;C:\Users\vishakha.patil\.m2\repository\org\ccil\cowan\tagsoup\tagsoup\1.2.1\tagsoup-1.2.1.jar;C:\Users\vishakha.patil\.m2\repository\io\rest-assured\json-path\5.5.0\json-path-5.5.0.jar;C:\Users\vishakha.patil\.m2\repository\org\apache\groovy\groovy-json\4.0.22\groovy-json-4.0.22.jar;C:\Users\vishakha.patil\.m2\repository\io\rest-assured\rest-assured-common\5.5.0\rest-assured-common-5.5.0.jar;C:\Users\vishakha.patil\.m2\repository\io\rest-assured\xml-path\5.5.0\xml-path-5.5.0.jar;C:\Users\vishakha.patil\.m2\repository\org\apache\commons\commons-lang3\3.11\commons-lang3-3.11.jar;C:\Users\vishakha.patil\.m2\repository\io\rest-assured\json-schema-validator\5.5.0\json-schema-validator-5.5.0.jar;C:\Users\vishakha.patil\.m2\repository\com\github\java-json-tools\json-schema-validator\2.2.14\json-schema-validator-2.2.14.jar;C:\Users\vishakha.patil\.m2\repository\com\github\java-json-tools\jackson-coreutils-equivalence\1.0\jackson-coreutils-equivalence-1.0.jar;C:\Users\vishakha.patil\.m2\repository\com\github\java-json-tools\jackson-coreutils\2.0\jackson-coreutils-2.0.jar;C:\Users\vishakha.patil\.m2\repository\com\github\java-json-tools\msg-simple\1.2\msg-simple-1.2.jar;C:\Users\vishakha.patil\.m2\repository\com\github\java-json-tools\btf\1.3\btf-1.3.jar;C:\Users\vishakha.patil\.m2\repository\com\github\java-json-tools\json-schema-core\1.2.14\json-schema-core-1.2.14.jar;C:\Users\vishakha.patil\.m2\repository\com\github\java-json-tools\uri-template\0.10\uri-template-0.10.jar;C:\Users\vishakha.patil\.m2\repository\org\mozilla\rhino\1.7.7.2\rhino-1.7.7.2.jar;C:\Users\vishakha.patil\.m2\repository\com\sun\mail\mailapi\1.6.2\mailapi-1.6.2.jar;C:\Users\vishakha.patil\.m2\repository\joda-time\joda-time\2.10.5\joda-time-2.10.5.jar;C:\Users\vishakha.patil\.m2\repository\com\googlecode\libphonenumber\libphonenumber\8.11.1\libphonenumber-8.11.1.jar;C:\Users\vishakha.patil\.m2\repository\com\google\code\findbugs\jsr305\3.0.2\jsr305-3.0.2.jar;C:\Users\vishakha.patil\.m2\repository\net\sf\jopt-simple\jopt-simple\5.0.4\jopt-simple-5.0.4.jar;C:\Users\vishakha.patil\.m2\repository\com\google\guava\guava\33.2.1-jre\guava-33.2.1-jre.jar;C:\Users\vishakha.patil\.m2\repository\com\google\guava\failureaccess\1.0.2\failureaccess-1.0.2.jar;C:\Users\vishakha.patil\.m2\repository\com\google\guava\listenablefuture\9999.0-empty-to-avoid-conflict-with-guava\listenablefuture-9999.0-empty-to-avoid-conflict-with-guava.jar;C:\Users\vishakha.patil\.m2\repository\org\checkerframework\checker-qual\3.42.0\checker-qual-3.42.0.jar;C:\Users\vishakha.patil\.m2\repository\com\google\errorprone\error_prone_annotations\2.26.1\error_prone_annotations-2.26.1.jar;C:\Users\vishakha.patil\.m2\repository\com\google\j2objc\j2objc-annotations\3.0.0\j2objc-annotations-3.0.0.jar;C:\Users\vishakha.patil\.m2\repository\org\testng\testng\7.10.2\testng-7.10.2.jar;C:\Users\vishakha.patil\.m2\repository\org\slf4j\slf4j-api\1.7.36\slf4j-api-1.7.36.jar;C:\Users\vishakha.patil\.m2\repository\com\beust\jcommander\1.82\jcommander-1.82.jar;C:\Users\vishakha.patil\.m2\repository\org\webjars\jquery\3.7.1\jquery-3.7.1.jar;C:\Users\vishakha.patil\.m2\repository\com\fasterxml\jackson\core\jackson-databind\2.18.2\jackson-databind-2.18.2.jar;C:\Users\vishakha.patil\.m2\repository\com\fasterxml\jackson\core\jackson-annotations\2.18.2\jackson-annotations-2.18.2.jar;C:\Users\vishakha.patil\.m2\repository\com\fasterxml\jackson\core\jackson-core\2.18.2\jackson-core-2.18.2.jar;C:\Users\vishakha.patil\.m2\repository\org\json\json\20210307\json-20210307.jar;C:\Users\vishakha.patil\.m2\repository\org\projectlombok\lombok\1.18.36\lombok-1.18.36.jar;"/>
    <property name="sun.cpu.endian" value="little"/>
    <property name="user.home" value="C:\Users\vishakha.patil"/>
    <property name="user.language" value="en"/>
    <property name="java.specification.vendor" value="Oracle Corporation"/>
    <property name="java.version.date" value="2024-10-15"/>
    <property name="java.home" value="C:\Program Files\Java\jdk-17"/>
    <property name="file.separator" value="\"/>
    <property name="style.color" value="always"/>
    <property name="basedir" value="C:\Vishakha Patil\RestAssured Project\RestAssuredDemoProject"/>
    <property name="java.vm.compressedOopsMode" value="Zero based"/>
    <property name="line.separator" value="&#10;"/>
    <property name="java.vm.specification.vendor" value="Oracle Corporation"/>
    <property name="java.specification.name" value="Java Platform API Specification"/>
    <property name="surefire.real.class.path" value="C:\Users\vishakha.patil\AppData\Local\Temp\surefire7869037442974051282\surefirebooter-20250325124227778_3.jar"/>
    <property name="user.script" value=""/>
    <property name="sun.management.compiler" value="HotSpot 64-Bit Tiered Compilers"/>
    <property name="java.runtime.version" value="17.0.13+10-LTS-268"/>
    <property name="user.name" value="vishakha.patil"/>
    <property name="path.separator" value=";"/>
    <property name="os.version" value="10.0"/>
    <property name="java.runtime.name" value="Java(TM) SE Runtime Environment"/>
    <property name="file.encoding" value="Cp1252"/>
    <property name="java.vm.name" value="Java HotSpot(TM) 64-Bit Server VM"/>
    <property name="localRepository" value="C:\Users\vishakha.patil\.m2\repository"/>
    <property name="java.vendor.url.bug" value="https://bugreport.java.com/bugreport/"/>
    <property name="java.io.tmpdir" value="C:\Users\VISHAK~1.PAT\AppData\Local\Temp\"/>
    <property name="java.version" value="17.0.13"/>
    <property name="user.dir" value="C:\Vishakha Patil\RestAssured Project\RestAssuredDemoProject"/>
    <property name="os.arch" value="amd64"/>
    <property name="java.vm.specification.name" value="Java Virtual Machine Specification"/>
    <property name="sun.os.patch.level" value=""/>
    <property name="native.encoding" value="Cp1252"/>
    <property name="java.library.path" value="C:\Program Files\Java\jdk-17\bin;C:\WINDOWS\Sun\Java\bin;C:\WINDOWS\system32;C:\WINDOWS;C:/Users/vishakha.patil/.p2/pool/plugins/org.eclipse.justj.openjdk.hotspot.jre.full.win32.x86_64_21.0.6.v20250130-0529/jre/bin/server;C:/Users/vishakha.patil/.p2/pool/plugins/org.eclipse.justj.openjdk.hotspot.jre.full.win32.x86_64_21.0.6.v20250130-0529/jre/bin;C:\Program Files\Common Files\Oracle\Java\javapath;C:\WINDOWS\system32;C:\WINDOWS;C:\WINDOWS\System32\Wbem;C:\WINDOWS\System32\WindowsPowerShell\v1.0\;C:\WINDOWS\System32\OpenSSH\;C:\Program Files\Java\jdk-17\bin;C:\Users\vishakha.patil\AppData\Local\Microsoft\WindowsApps;;C:\Users\vishakha.patil\eclipse\java-2025-03\eclipse;;."/>
    <property name="java.vm.info" value="mixed mode, sharing"/>
    <property name="java.vendor" value="Oracle Corporation"/>
    <property name="java.vm.version" value="17.0.13+10-LTS-268"/>
    <property name="java.specification.maintenance.version" value="1"/>
    <property name="sun.io.unicode.encoding" value="UnicodeLittle"/>
    <property name="java.class.version" value="61.0"/>
  </properties>
  <testcase name="checkResult" classname="RestLibrary.RestAssuredDemoProject.TestGetMethod" time="2.527">
    <system-err><![CDATA[SLF4J: Failed to load class "org.slf4j.impl.StaticLoggerBinder".
SLF4J: Defaulting to no-operation (NOP) logger implementation
SLF4J: See http://www.slf4j.org/codes.html#StaticLoggerBinder for further details.
]]></system-err>
  </testcase>
  <testcase name="testExtractOneToAnother" classname="RestLibrary.RestAssuredDemoProject.TestJsonPathJResponse" time="1.983">
    <system-out><![CDATA[HTTP/1.1 200 OK
Date: Tue, 25 Mar 2025 07:12:31 GMT
Content-Type: application/json; charset=utf-8
Transfer-Encoding: chunked
Connection: keep-alive
Report-To: {"group":"heroku-nel","max_age":3600,"endpoints":[{"url":"https://nel.heroku.com/reports?ts=1742532902&sid=c4c9725f-1ab0-44d8-820f-430df2718e11&s=LQaQbd8nxpcRQDPqQtnYWzGPpyYxUIxVUHyPAvENGO0%3D"}]}
Reporting-Endpoints: heroku-nel=https://nel.heroku.com/reports?ts=1742532902&sid=c4c9725f-1ab0-44d8-820f-430df2718e11&s=LQaQbd8nxpcRQDPqQtnYWzGPpyYxUIxVUHyPAvENGO0%3D
Nel: {"report_to":"heroku-nel","max_age":3600,"success_fraction":0.005,"failure_fraction":0.05,"response_headers":["Via"]}
X-Powered-By: Express
Access-Control-Allow-Origin: *
Etag: W/"41e-bY3U72nulxuwNd/TmihMEHjLmek"
Via: 1.1 vegur
Cache-Control: max-age=14400
CF-Cache-Status: HIT
Age: 134
Vary: Accept-Encoding
Server: cloudflare
CF-RAY: 925c99b3ce533b79-BOM
Content-Encoding: gzip
server-timing: cfL4;desc="?proto=TCP&rtt=33318&min_rtt=30233&rtt_var=13541&sent=6&recv=6&lost=0&retrans=0&sent_bytes=3109&recv_bytes=752&delivery_rate=130784&cwnd=216&unsent_bytes=0&cid=481f252a1d84ff7e&ts=110&x=0"

{
    "page": 1,
    "per_page": 6,
    "total": 12,
    "total_pages": 2,
    "data": [
        {
            "id": 1,
            "email": "george.bluth@reqres.in",
            "first_name": "George",
            "last_name": "Bluth",
            "avatar": "https://reqres.in/img/faces/1-image.jpg"
        },
        {
            "id": 2,
            "email": "janet.weaver@reqres.in",
            "first_name": "Janet",
            "last_name": "Weaver",
            "avatar": "https://reqres.in/img/faces/2-image.jpg"
        },
        {
            "id": 3,
            "email": "emma.wong@reqres.in",
            "first_name": "Emma",
            "last_name": "Wong",
            "avatar": "https://reqres.in/img/faces/3-image.jpg"
        },
        {
            "id": 4,
            "email": "eve.holt@reqres.in",
            "first_name": "Eve",
            "last_name": "Holt",
            "avatar": "https://reqres.in/img/faces/4-image.jpg"
        },
        {
            "id": 5,
            "email": "charles.morris@reqres.in",
            "first_name": "Charles",
            "last_name": "Morris",
            "avatar": "https://reqres.in/img/faces/5-image.jpg"
        },
        {
            "id": 6,
            "email": "tracey.ramos@reqres.in",
            "first_name": "Tracey",
            "last_name": "Ramos",
            "avatar": "https://reqres.in/img/faces/6-image.jpg"
        }
    ],
    "support": {
        "url": "https://contentcaddy.io?utm_source=reqres&utm_medium=json&utm_campaign=referral",
        "text": "Tired of writing endless social media content? Let Content Caddy generate it for you."
    }
}
HTTP/1.1 200 OK
Date: Tue, 25 Mar 2025 07:12:32 GMT
Content-Type: application/json; charset=utf-8
Transfer-Encoding: chunked
Connection: keep-alive
Report-To: {"group":"heroku-nel","max_age":3600,"endpoints":[{"url":"https://nel.heroku.com/reports?ts=1742813637&sid=e11707d5-02a7-43ef-b45e-2cf4d2036f7d&s=pKL8vlPvYUfHi4sY4vkqJJeLC9M7m0pnx4cC8iJWm1A%3D"}]}
Reporting-Endpoints: heroku-nel=https://nel.heroku.com/reports?ts=1742813637&sid=e11707d5-02a7-43ef-b45e-2cf4d2036f7d&s=pKL8vlPvYUfHi4sY4vkqJJeLC9M7m0pnx4cC8iJWm1A%3D
Nel: {"report_to":"heroku-nel","max_age":3600,"success_fraction":0.005,"failure_fraction":0.05,"response_headers":["Via"]}
X-Powered-By: Express
X-Ratelimit-Limit: 1000
X-Ratelimit-Remaining: 998
X-Ratelimit-Reset: 1742813687
Vary: Origin, Accept-Encoding
Access-Control-Allow-Credentials: true
Cache-Control: max-age=43200
Pragma: no-cache
Expires: -1
X-Content-Type-Options: nosniff
Etag: W/"619-r52x7zZnoP3BvNNciIFKEb8m7IY"
Content-Encoding: gzip
Via: 1.1 vegur
CF-Cache-Status: HIT
Age: 4669
Server: cloudflare
CF-RAY: 925c99be1a38e22c-MRS
alt-svc: h3=":443"; ma=86400
server-timing: cfL4;desc="?proto=TCP&rtt=139958&min_rtt=138708&rtt_var=54516&sent=5&recv=6&lost=0&retrans=0&sent_bytes=3112&recv_bytes=790&delivery_rate=26588&cwnd=38&unsent_bytes=0&cid=b2793466753304a1&ts=160&x=0"

[
    {
        "postId": 3,
        "id": 11,
        "name": "fugit labore quia mollitia quas deserunt nostrum sunt",
        "email": "Veronica_Goodwin@timmothy.net",
        "body": "ut dolorum nostrum id quia aut est\nfuga est inventore vel eligendi explicabo quis consectetur\naut occaecati repellat id natus quo est\nut blanditiis quia ut vel ut maiores ea"
    },
    {
        "postId": 3,
        "id": 12,
        "name": "modi ut eos dolores illum nam dolor",
        "email": "Oswald.Vandervort@leanne.org",
        "body": "expedita maiores dignissimos facilis\nipsum est rem est fugit velit sequi\neum odio dolores dolor totam\noccaecati ratione eius rem velit"
    },
    {
        "postId": 3,
        "id": 13,
        "name": "aut inventore non pariatur sit vitae voluptatem sapiente",
        "email": "Kariane@jadyn.tv",
        "body": "fuga eos qui dolor rerum\ninventore corporis exercitationem\ncorporis cupiditate et deserunt recusandae est sed quis culpa\neum maiores corporis et"
    },
    {
        "postId": 3,
        "id": 14,
        "name": "et officiis id praesentium hic aut ipsa dolorem repudiandae",
        "email": "Nathan@solon.io",
        "body": "vel quae voluptas qui exercitationem\nvoluptatibus unde sed\nminima et qui ipsam aspernatur\nexpedita magnam laudantium et et quaerat ut qui dolorum"
    },
    {
        "postId": 3,
        "id": 15,
        "name": "debitis magnam hic odit aut ullam nostrum tenetur",
        "email": "Maynard.Hodkiewicz@roberta.com",
        "body": "nihil ut voluptates blanditiis autem odio dicta rerum\nquisquam saepe et est\nsunt quasi nemo laudantium deserunt\nmolestias tempora quo quia"
    }
]
]]></system-out>
  </testcase>
  <testcase name="testForCollectionAcess" classname="RestLibrary.RestAssuredDemoProject.TestJsonPathJResponse" time="2.203"/>
  <testcase name="testForCollectionAllFilterAcess" classname="RestLibrary.RestAssuredDemoProject.TestJsonPathJResponse" time="0.748"/>
  <testcase name="testUsingJsonNested" classname="RestLibrary.RestAssuredDemoProject.TestJsonPathJResponse" time="1.271"/>
  <testcase name="testUsingJsonPath" classname="RestLibrary.RestAssuredDemoProject.TestJsonPathJResponse" time="0.65">
    <system-out><![CDATA[Overall is --------- {address={geolocation={lat=-37.3159, long=81.1496}, city=kilcoole, street=new road, number=7682, zipcode=12926-3874}, id=1, email=john@gmail.com, username=johnd, password=m38rmF$, name={firstname=john, lastname=doe}, phone=1-570-236-7033, __v=0}
Adress is --------- {geolocation={lat=-37.3159, long=81.1496}, city=kilcoole, street=new road, number=7682, zipcode=12926-3874}
geolocation is --------- {lat=-37.3159, long=81.1496}
lat is --------- -37.3159
]]></system-out>
  </testcase>
  <testcase name="testUsingRootJsonNested" classname="RestLibrary.RestAssuredDemoProject.TestJsonPathJResponse" time="0.695"/>
  <testcase name="testUsingString" classname="RestLibrary.RestAssuredDemoProject.TestJsonPathJResponse" time="0.598"/>
  <testcase name="TestPathCarts" classname="RestLibrary.RestAssuredDemoProject.TestPathAndQueryParam" time="0.634"/>
  <testcase name="TestProduts" classname="RestLibrary.RestAssuredDemoProject.TestPathAndQueryParam" time="0.525"/>
  <testcase name="TestQueryCarts" classname="RestLibrary.RestAssuredDemoProject.TestPathAndQueryParam" time="0.683">
    <system-out><![CDATA[HTTP/1.1 200 OK
Date: Tue, 25 Mar 2025 07:12:40 GMT
Content-Type: application/json; charset=utf-8
Transfer-Encoding: chunked
Connection: keep-alive
access-control-allow-origin: *
etag: W/"73c-AtW8wEdtu7tI1QeQlPHutQhlN9M"
x-powered-by: Express
cf-cache-status: DYNAMIC
Report-To: {"endpoints":[{"url":"https:\/\/a.nel.cloudflare.com\/report\/v4?s=sb9DTlyXcg%2BCZgHMgBKqrQ199Eo7y2gSy09kNjGOKoEO1dfGtxGIV52S64vd2ieGmww1AdnFMuffgTyYIJUL%2BD2714%2F5FdQoS54W%2B6YKcoiZe%2BVeI7P83SPJg3f8HJC%2FLabN"}],"group":"cf-nel","max_age":604800}
NEL: {"success_fraction":0,"report_to":"cf-nel","max_age":604800}
Server: cloudflare
CF-RAY: 925c99ef3f7de211-MRS
Content-Encoding: gzip
alt-svc: h3=":443"; ma=86400
server-timing: cfL4;desc="?proto=TCP&rtt=145787&min_rtt=139780&rtt_var=64433&sent=5&recv=6&lost=0&retrans=0&sent_bytes=3127&recv_bytes=804&delivery_rate=21049&cwnd=42&unsent_bytes=0&cid=bc655ccd88a45cfe&ts=341&x=0"

[
    {
        "id": 4,
        "title": "Mens Casual Slim Fit",
        "price": 15.99,
        "description": "The color could be slightly different between on the screen and in practice. / Please note that body builds vary by person, therefore, detailed size information should be reviewed below on the product description.",
        "category": "men's clothing",
        "image": "https://fakestoreapi.com/img/71YXzeOuslL._AC_UY879_.jpg",
        "rating": {
            "rate": 2.1,
            "count": 430
        }
    },
    {
        "id": 3,
        "title": "Mens Cotton Jacket",
        "price": 55.99,
        "description": "great outerwear jackets for Spring/Autumn/Winter, suitable for many occasions, such as working, hiking, camping, mountain/rock climbing, cycling, traveling or other outdoors. Good gift choice for you or your family member. A warm hearted love to Father, husband or son in this thanksgiving or Christmas Day.",
        "category": "men's clothing",
        "image": "https://fakestoreapi.com/img/71li-ujtlUL._AC_UX679_.jpg",
        "rating": {
            "rate": 4.7,
            "count": 500
        }
    },
    {
        "id": 2,
        "title": "Mens Casual Premium Slim Fit T-Shirts ",
        "price": 22.3,
        "description": "Slim-fitting style, contrast raglan long sleeve, three-button henley placket, light weight & soft fabric for breathable and comfortable wearing. And Solid stitched shirts with round neck made for durability and a great fit for casual fashion wear and diehard baseball fans. The Henley style round neckline includes a three-button placket.",
        "category": "men's clothing",
        "image": "https://fakestoreapi.com/img/71-3HjGNDUL._AC_SY879._SX._UX._SY._UY_.jpg",
        "rating": {
            "rate": 4.1,
            "count": 259
        }
    },
    {
        "id": 1,
        "title": "Fjallraven - Foldsack No. 1 Backpack, Fits 15 Laptops",
        "price": 109.95,
        "description": "Your perfect pack for everyday use and walks in the forest. Stash your laptop (up to 15 inches) in the padded sleeve, your everyday",
        "category": "men's clothing",
        "image": "https://fakestoreapi.com/img/81fPKd-2AYL._AC_SL1500_.jpg",
        "rating": {
            "rate": 3.9,
            "count": 120
        }
    }
]
]]></system-out>
  </testcase>
  <testcase name="getTest" classname="RestLibrary.RestAssuredDemoProject.TestRestPeekPrintClass" time="0.192"/>
  <testcase name="peekTest" classname="RestLibrary.RestAssuredDemoProject.TestRestPeekPrintClass" time="1.324">
    <system-out><![CDATA[-----------PeekTest---------------
HTTP/1.1 200 OK
Date: Tue, 25 Mar 2025 07:12:42 GMT
Content-Type: application/json
Content-Length: 324
Connection: keep-alive
Server: gunicorn/19.9.0
Access-Control-Allow-Origin: *
Access-Control-Allow-Credentials: true

{
  "args": {}, 
  "headers": {
    "Accept": "*/*", 
    "Accept-Encoding": "gzip,deflate", 
    "Host": "httpbin.org", 
    "User-Agent": "Apache-HttpClient/4.5.13 (Java/17.0.13)", 
    "X-Amzn-Trace-Id": "Root=1-67e2576a-2dba26976c9dd7a8616165f3"
  }, 
  "origin": "106.193.119.56", 
  "url": "https://httpbin.org/get"
}

HTTP/1.1 200 OK
Date: Tue, 25 Mar 2025 07:12:42 GMT
Content-Type: application/json
Content-Length: 324
Connection: keep-alive
Server: gunicorn/19.9.0
Access-Control-Allow-Origin: *
Access-Control-Allow-Credentials: true

{
  "args": {}, 
  "headers": {
    "Accept": "*/*", 
    "Accept-Encoding": "gzip,deflate", 
    "Host": "httpbin.org", 
    "User-Agent": "Apache-HttpClient/4.5.13 (Java/17.0.13)", 
    "X-Amzn-Trace-Id": "Root=1-67e2576a-2dba26976c9dd7a8616165f3"
  }, 
  "origin": "106.193.119.56", 
  "url": "https://httpbin.org/get"
}

]]></system-out>
  </testcase>
  <testcase name="prettyPeekTest" classname="RestLibrary.RestAssuredDemoProject.TestRestPeekPrintClass" time="1.336">
    <system-out><![CDATA[-----------PrettyPeekTest---------------
HTTP/1.1 200 OK
Date: Tue, 25 Mar 2025 07:12:43 GMT
Content-Type: application/json
Content-Length: 324
Connection: keep-alive
Server: gunicorn/19.9.0
Access-Control-Allow-Origin: *
Access-Control-Allow-Credentials: true

{
    "args": {
        
    },
    "headers": {
        "Accept": "*/*",
        "Accept-Encoding": "gzip,deflate",
        "Host": "httpbin.org",
        "User-Agent": "Apache-HttpClient/4.5.13 (Java/17.0.13)",
        "X-Amzn-Trace-Id": "Root=1-67e2576b-2fac9d5e07d68bd743318c61"
    },
    "origin": "106.193.119.56",
    "url": "https://httpbin.org/get"
}
HTTP/1.1 200 OK
Date: Tue, 25 Mar 2025 07:12:43 GMT
Content-Type: application/json
Content-Length: 324
Connection: keep-alive
Server: gunicorn/19.9.0
Access-Control-Allow-Origin: *
Access-Control-Allow-Credentials: true

{
    "args": {
        
    },
    "headers": {
        "Accept": "*/*",
        "Accept-Encoding": "gzip,deflate",
        "Host": "httpbin.org",
        "User-Agent": "Apache-HttpClient/4.5.13 (Java/17.0.13)",
        "X-Amzn-Trace-Id": "Root=1-67e2576b-2fac9d5e07d68bd743318c61"
    },
    "origin": "106.193.119.56",
    "url": "https://httpbin.org/get"
}
]]></system-out>
  </testcase>
  <testcase name="prettyPrintTest" classname="RestLibrary.RestAssuredDemoProject.TestRestPeekPrintClass" time="1.239">
    <system-out><![CDATA[-----------PrettyPrintTest---------------
{
    "args": {
        
    },
    "headers": {
        "Accept": "*/*",
        "Accept-Encoding": "gzip,deflate",
        "Host": "httpbin.org",
        "User-Agent": "Apache-HttpClient/4.5.13 (Java/17.0.13)",
        "X-Amzn-Trace-Id": "Root=1-67e2576d-37a7e8465fb232f84afc5153"
    },
    "origin": "106.193.119.56",
    "url": "https://httpbin.org/get"
}
{
    "args": {
        
    },
    "headers": {
        "Accept": "*/*",
        "Accept-Encoding": "gzip,deflate",
        "Host": "httpbin.org",
        "User-Agent": "Apache-HttpClient/4.5.13 (Java/17.0.13)",
        "X-Amzn-Trace-Id": "Root=1-67e2576d-37a7e8465fb232f84afc5153"
    },
    "origin": "106.193.119.56",
    "url": "https://httpbin.org/get"
}
]]></system-out>
  </testcase>
  <testcase name="printTest" classname="RestLibrary.RestAssuredDemoProject.TestRestPeekPrintClass" time="1.326">
    <system-out><![CDATA[-----------PrintTest---------------
{
  "args": {}, 
  "headers": {
    "Accept": "*/*", 
    "Accept-Encoding": "gzip,deflate", 
    "Host": "httpbin.org", 
    "User-Agent": "Apache-HttpClient/4.5.13 (Java/17.0.13)", 
    "X-Amzn-Trace-Id": "Root=1-67e2576e-13e0a14850997a197e95475f"
  }, 
  "origin": "106.193.119.56", 
  "url": "https://httpbin.org/get"
}

{
  "args": {}, 
  "headers": {
    "Accept": "*/*", 
    "Accept-Encoding": "gzip,deflate", 
    "Host": "httpbin.org", 
    "User-Agent": "Apache-HttpClient/4.5.13 (Java/17.0.13)", 
    "X-Amzn-Trace-Id": "Root=1-67e2576e-13e0a14850997a197e95475f"
  }, 
  "origin": "106.193.119.56", 
  "url": "https://httpbin.org/get"
}

]]></system-out>
  </testcase>
</testsuite>