<?xml version="1.0" encoding="UTF-8"?>
<!-- Generated by org.testng.reporters.JUnitReportReporter -->
<testsuite hostname="QT-INHD-LT0145" failures="0" tests="7" name="RestLibrary.RestAssuredDemoProject.TestJsonPathJResponse" time="8.679" errors="0" timestamp="2025-04-02T18:45:51 IST" skipped="0">
  <testcase classname="RestLibrary.RestAssuredDemoProject.TestJsonPathJResponse" name="testUsingJsonNested" time="0.826"/>
  <testcase classname="RestLibrary.RestAssuredDemoProject.TestJsonPathJResponse" name="testUsingString" time="0.899"/>
  <testcase classname="RestLibrary.RestAssuredDemoProject.TestJsonPathJResponse" name="testForCollectionAcess" time="2.507"/>
  <testcase classname="RestLibrary.RestAssuredDemoProject.TestJsonPathJResponse" name="testUsingJsonPath" time="0.846"/>
  <testcase classname="RestLibrary.RestAssuredDemoProject.TestJsonPathJResponse" name="testUsingRootJsonNested" time="0.859"/>
  <testcase classname="RestLibrary.RestAssuredDemoProject.TestJsonPathJResponse" name="testExtractOneToAnother" time="1.975"/>
  <testcase classname="RestLibrary.RestAssuredDemoProject.TestJsonPathJResponse" name="testForCollectionAllFilterAcess" time="0.767"/>
</testsuite> <!-- RestLibrary.RestAssuredDemoProject.TestJsonPathJResponse -->
