<?xml version="1.0" encoding="UTF-8"?>
<!-- Generated by org.testng.reporters.JUnitReportReporter -->
<testsuite hostname="QT-INHD-LT0145" failures="0" tests="4" name="RestLibrary.RestAssuredDemoProject.HamrestHeaders" time="2.641" errors="0" timestamp="2025-04-02T18:45:51 IST" skipped="0">
  <testcase classname="RestLibrary.RestAssuredDemoProject.HamrestHeaders" name="checkDateHeaders" time="0.623"/>
  <testcase classname="RestLibrary.RestAssuredDemoProject.HamrestHeaders" name="checkJsonHeader" time="0.787"/>
  <testcase classname="RestLibrary.RestAssuredDemoProject.HamrestHeaders" name="checkJsonsHeader" time="0.595"/>
  <testcase classname="RestLibrary.RestAssuredDemoProject.HamrestHeaders" name="checkHeaders" time="0.636"/>
</testsuite> <!-- RestLibrary.RestAssuredDemoProject.HamrestHeaders -->
