<?xml version="1.0" encoding="UTF-8"?>
<!-- Generated by org.testng.reporters.JUnitReportReporter -->
<testsuite hostname="QT-INHD-LT0145" failures="0" tests="1" name="RestLibrary.RestAssuredDemoProject.DeserilizationJsonResponse" time="2.127" errors="0" timestamp="2025-03-25T12:54:24 IST" skipped="0">
  <testcase classname="RestLibrary.RestAssuredDemoProject.DeserilizationJsonResponse" name="getNestedDataUsingDeserilization" time="2.127"/>
</testsuite> <!-- RestLibrary.RestAssuredDemoProject.DeserilizationJsonResponse -->
