<?xml version="1.0" encoding="UTF-8"?>
<!-- Generated by org.testng.reporters.JUnitReportReporter -->
<testsuite hostname="QT-INHD-LT0145" failures="0" tests="5" name="RestLibrary.RestAssuredDemoProject.CRUD_Basic" time="3.404" errors="0" timestamp="2025-04-02T18:45:51 IST" skipped="0">
  <testcase classname="RestLibrary.RestAssuredDemoProject.CRUD_Basic" name="postData" time="0.817"/>
  <testcase classname="RestLibrary.RestAssuredDemoProject.CRUD_Basic" name="getData" time="0.640"/>
  <testcase classname="RestLibrary.RestAssuredDemoProject.CRUD_Basic" name="patchData" time="0.559"/>
  <testcase classname="RestLibrary.RestAssuredDemoProject.CRUD_Basic" name="deleteData" time="0.774"/>
  <testcase classname="RestLibrary.RestAssuredDemoProject.CRUD_Basic" name="putData" time="0.614"/>
</testsuite> <!-- RestLibrary.RestAssuredDemoProject.CRUD_Basic -->
