<?xml version="1.0" encoding="UTF-8"?>
<!-- Generated by org.testng.reporters.JUnitReportReporter -->
<testsuite hostname="QT-INHD-LT0145" failures="0" tests="1" name="RestLibrary.RestAssuredDemoProject.TestGetMethod" time="1.722" errors="0" timestamp="2025-04-02T18:45:51 IST" skipped="0">
  <testcase classname="RestLibrary.RestAssuredDemoProject.TestGetMethod" name="checkResult" time="1.722"/>
</testsuite> <!-- RestLibrary.RestAssuredDemoProject.TestGetMethod -->
