<?xml version="1.0" encoding="UTF-8"?>
<!-- Generated by org.testng.reporters.JUnitReportReporter -->
<testsuite hostname="QT-INHD-LT0145" failures="0" tests="3" name="RestLibrary.RestAssuredDemoProject.ValidateJsonSchema" time="2.849" errors="0" timestamp="2025-03-21T13:00:40 IST" skipped="0">
  <testcase classname="RestLibrary.RestAssuredDemoProject.ValidateJsonSchema" name="validateSchema" time="0.567"/>
  <testcase classname="RestLibrary.RestAssuredDemoProject.ValidateJsonSchema" name="validateNestedSchema" time="0.287"/>
  <testcase classname="RestLibrary.RestAssuredDemoProject.ValidateJsonSchema" name="validateArraySchema" time="1.995"/>
</testsuite> <!-- RestLibrary.RestAssuredDemoProject.ValidateJsonSchema -->
