<?xml version="1.0" encoding="UTF-8"?>
<!-- Generated by org.testng.reporters.JUnitReportReporter -->
<testsuite hostname="QT-INHD-LT0145" failures="0" tests="3" name="RestLibrary.RestAssuredDemoProject.TestPathAndQueryParam" time="2.193" errors="0" timestamp="2025-04-02T18:45:51 IST" skipped="0">
  <testcase classname="RestLibrary.RestAssuredDemoProject.TestPathAndQueryParam" name="TestPathCarts" time="0.805"/>
  <testcase classname="RestLibrary.RestAssuredDemoProject.TestPathAndQueryParam" name="TestProduts" time="0.650"/>
  <testcase classname="RestLibrary.RestAssuredDemoProject.TestPathAndQueryParam" name="TestQueryCarts" time="0.738"/>
</testsuite> <!-- RestLibrary.RestAssuredDemoProject.TestPathAndQueryParam -->
