<?xml version="1.0" encoding="UTF-8"?>
<!-- Generated by org.testng.reporters.JUnitReportReporter -->
<testsuite hostname="QT-INHD-LT0145" failures="0" tests="5" name="RestLibrary.RestAssuredDemoProject.TestRestClass" time="8.652" errors="0" timestamp="2025-03-18T14:37:22 IST" skipped="0">
  <testcase classname="RestLibrary.RestAssuredDemoProject.TestRestClass" name="prettyPeekTest" time="1.738"/>
  <testcase classname="RestLibrary.RestAssuredDemoProject.TestRestClass" name="printTest" time="1.954"/>
  <testcase classname="RestLibrary.RestAssuredDemoProject.TestRestClass" name="peekTest" time="1.831"/>
  <testcase classname="RestLibrary.RestAssuredDemoProject.TestRestClass" name="prettyPrintTest" time="1.660"/>
  <testcase classname="RestLibrary.RestAssuredDemoProject.TestRestClass" name="getTest" time="1.469"/>
</testsuite> <!-- RestLibrary.RestAssuredDemoProject.TestRestClass -->
