<?xml version="1.0" encoding="UTF-8"?>
<!-- Generated by org.testng.reporters.JUnitReportReporter -->
<testsuite hostname="QT-INHD-LT0145" failures="0" tests="3" name="RestLibrary.RestAssuredDemoProject.HamrestCollectArray" time="0.018" errors="0" timestamp="2025-04-02T18:45:51 IST" skipped="0">
  <testcase classname="RestLibrary.RestAssuredDemoProject.HamrestCollectArray" name="testIfListFunction" time="0.004"/>
  <testcase classname="RestLibrary.RestAssuredDemoProject.HamrestCollectArray" name="testIfMapFunction" time="0.005"/>
  <testcase classname="RestLibrary.RestAssuredDemoProject.HamrestCollectArray" name="testIfArrayFunction" time="0.009"/>
</testsuite> <!-- RestLibrary.RestAssuredDemoProject.HamrestCollectArray -->
