<?xml version="1.0" encoding="UTF-8"?>
<!-- Generated by org.testng.reporters.JUnitReportReporter -->
<testsuite hostname="QT-INHD-LT0145" failures="0" tests="1" name="RestLibrary.RestAssuredDemoProject.HeadOptionMethod" time="3.574" errors="0" timestamp="2025-03-24T15:50:59 IST" skipped="0">
  <testcase classname="RestLibrary.RestAssuredDemoProject.HeadOptionMethod" name="testPostUsers" time="3.574"/>
</testsuite> <!-- RestLibrary.RestAssuredDemoProject.HeadOptionMethod -->
