<?xml version="1.0" encoding="UTF-8"?>
<!-- Generated by org.testng.reporters.JUnitReportReporter -->
<testsuite hostname="QT-INHD-LT0145" failures="0" tests="5" name="RestLibrary.RestAssuredDemoProject.PostWithHeadOptionMethod" time="18.459" errors="0" timestamp="2025-04-02T18:45:51 IST" skipped="0">
  <testcase classname="RestLibrary.RestAssuredDemoProject.PostWithHeadOptionMethod" name="testHeadMethod" time="8.083"/>
  <testcase classname="RestLibrary.RestAssuredDemoProject.PostWithHeadOptionMethod" name="testPostUsersUsingJSONObject" time="0.636"/>
  <testcase classname="RestLibrary.RestAssuredDemoProject.PostWithHeadOptionMethod" name="testPostUsersUsingOnjectMapper" time="1.330"/>
  <testcase classname="RestLibrary.RestAssuredDemoProject.PostWithHeadOptionMethod" name="testOptionsMethod" time="5.392"/>
  <testcase classname="RestLibrary.RestAssuredDemoProject.PostWithHeadOptionMethod" name="testPostUsers" time="3.018"/>
</testsuite> <!-- RestLibrary.RestAssuredDemoProject.PostWithHeadOptionMethod -->
