<?xml version="1.0" encoding="UTF-8"?>
<!-- Generated by org.testng.reporters.JUnitReportReporter -->
<testsuite hostname="QT-INHD-LT0145" failures="0" tests="9" name="RestLibrary.RestAssuredDemoProject.HamcrestFirstClass" time="0.022" errors="0" timestamp="2025-04-02T18:45:51 IST" skipped="0">
  <testcase classname="RestLibrary.RestAssuredDemoProject.HamcrestFirstClass" name="TestGreaterThanEqual" time="0.003"/>
  <testcase classname="RestLibrary.RestAssuredDemoProject.HamcrestFirstClass" name="TestEither" time="0.001"/>
  <testcase classname="RestLibrary.RestAssuredDemoProject.HamcrestFirstClass" name="TestBetweek" time="0.003"/>
  <testcase classname="RestLibrary.RestAssuredDemoProject.HamcrestFirstClass" name="TestGreaterThan" time="0.002"/>
  <testcase classname="RestLibrary.RestAssuredDemoProject.HamcrestFirstClass" name="TestCloseTo" time="0.002"/>
  <testcase classname="RestLibrary.RestAssuredDemoProject.HamcrestFirstClass" name="TestLessThanEqual" time="0.002"/>
  <testcase classname="RestLibrary.RestAssuredDemoProject.HamcrestFirstClass" name="TestEqual" time="0.000"/>
  <testcase classname="RestLibrary.RestAssuredDemoProject.HamcrestFirstClass" name="TestLessThan" time="0.000"/>
  <testcase classname="RestLibrary.RestAssuredDemoProject.HamcrestFirstClass" name="TestStringFunctions" time="0.009"/>
</testsuite> <!-- RestLibrary.RestAssuredDemoProject.HamcrestFirstClass -->
