<?xml version="1.0" encoding="UTF-8"?>
<!-- Generated by org.testng.reporters.JUnitReportReporter -->
<testsuite hostname="QT-INHD-LT0145" failures="0" tests="5" name="RestLibrary.RestAssuredDemoProject.TestRestPeekPrintClass" time="14.373" errors="0" timestamp="2025-04-02T18:45:51 IST" skipped="0">
  <testcase classname="RestLibrary.RestAssuredDemoProject.TestRestPeekPrintClass" name="printTest" time="2.603"/>
  <testcase classname="RestLibrary.RestAssuredDemoProject.TestRestPeekPrintClass" name="prettyPrintTest" time="4.591"/>
  <testcase classname="RestLibrary.RestAssuredDemoProject.TestRestPeekPrintClass" name="getTest" time="0.214"/>
  <testcase classname="RestLibrary.RestAssuredDemoProject.TestRestPeekPrintClass" name="peekTest" time="4.145"/>
  <testcase classname="RestLibrary.RestAssuredDemoProject.TestRestPeekPrintClass" name="prettyPeekTest" time="2.820"/>
</testsuite> <!-- RestLibrary.RestAssuredDemoProject.TestRestPeekPrintClass -->
