<?xml version="1.0" encoding="UTF-8"?>
<!-- Generated by org.testng.reporters.JUnitReportReporter -->
<testsuite hostname="QT-INHD-LT0145" failures="0" tests="1" name="RestLibrary.RestAssuredDemoProject.TestGetMethod" time="2.528" errors="0" timestamp="2025-03-25T12:42:46 IST" skipped="0">
  <testcase classname="RestLibrary.RestAssuredDemoProject.TestGetMethod" name="checkResult" time="2.528"/>
</testsuite> <!-- RestLibrary.RestAssuredDemoProject.TestGetMethod -->
