<?xml version="1.0" encoding="UTF-8"?>
<!-- Generated by org.testng.reporters.JUnitReportReporter -->
<testsuite hostname="QT-INHD-LT0145" failures="0" tests="3" name="RestLibrary.RestAssuredDemoProject.TestPathAndQueryParam" time="1.841" errors="0" timestamp="2025-03-25T12:42:46 IST" skipped="0">
  <testcase classname="RestLibrary.RestAssuredDemoProject.TestPathAndQueryParam" name="TestPathCarts" time="0.634"/>
  <testcase classname="RestLibrary.RestAssuredDemoProject.TestPathAndQueryParam" name="TestQueryCarts" time="0.682"/>
  <testcase classname="RestLibrary.RestAssuredDemoProject.TestPathAndQueryParam" name="TestProduts" time="0.525"/>
</testsuite> <!-- RestLibrary.RestAssuredDemoProject.TestPathAndQueryParam -->
