<?xml version="1.0" encoding="UTF-8"?>
<!-- Generated by org.testng.reporters.JUnitReportReporter -->
<testsuite hostname="QT-INHD-LT0145" failures="0" tests="5" name="RestLibrary.RestAssuredDemoProject.TestRestPeekPrintClass" time="5.418" errors="0" timestamp="2025-03-25T12:42:46 IST" skipped="0">
  <testcase classname="RestLibrary.RestAssuredDemoProject.TestRestPeekPrintClass" name="peekTest" time="1.323"/>
  <testcase classname="RestLibrary.RestAssuredDemoProject.TestRestPeekPrintClass" name="prettyPeekTest" time="1.336"/>
  <testcase classname="RestLibrary.RestAssuredDemoProject.TestRestPeekPrintClass" name="getTest" time="0.194"/>
  <testcase classname="RestLibrary.RestAssuredDemoProject.TestRestPeekPrintClass" name="printTest" time="1.324"/>
  <testcase classname="RestLibrary.RestAssuredDemoProject.TestRestPeekPrintClass" name="prettyPrintTest" time="1.241"/>
</testsuite> <!-- RestLibrary.RestAssuredDemoProject.TestRestPeekPrintClass -->
