<?xml version="1.0" encoding="UTF-8"?>
<!-- Generated by org.testng.reporters.JUnitReportReporter -->
<testsuite hostname="QT-INHD-LT0145" failures="0" tests="7" name="RestLibrary.RestAssuredDemoProject.TestJsonPathJResponse" time="8.162" errors="0" timestamp="2025-03-25T12:42:46 IST" skipped="0">
  <testcase classname="RestLibrary.RestAssuredDemoProject.TestJsonPathJResponse" name="testForCollectionAllFilterAcess" time="0.748"/>
  <testcase classname="RestLibrary.RestAssuredDemoProject.TestJsonPathJResponse" name="testUsingRootJsonNested" time="0.709"/>
  <testcase classname="RestLibrary.RestAssuredDemoProject.TestJsonPathJResponse" name="testUsingString" time="0.597"/>
  <testcase classname="RestLibrary.RestAssuredDemoProject.TestJsonPathJResponse" name="testUsingJsonPath" time="0.649"/>
  <testcase classname="RestLibrary.RestAssuredDemoProject.TestJsonPathJResponse" name="testUsingJsonNested" time="1.272"/>
  <testcase classname="RestLibrary.RestAssuredDemoProject.TestJsonPathJResponse" name="testExtractOneToAnother" time="1.982"/>
  <testcase classname="RestLibrary.RestAssuredDemoProject.TestJsonPathJResponse" name="testForCollectionAcess" time="2.205"/>
</testsuite> <!-- RestLibrary.RestAssuredDemoProject.TestJsonPathJResponse -->
